{"timestamp": "2025-10-05T05:39:54.188770", "level": "INFO", "logger": "api", "message": "GET /api/v1/health - 200 - 0.313s", "module": "logger", "function": "log_api_request", "line": 158, "extra": {}}
{"timestamp": "2025-10-05T05:39:54.239747", "level": "INFO", "logger": "api", "message": "GET /api/v1/health - 200 - 0.001s", "module": "logger", "function": "log_api_request", "line": 158, "extra": {}}
{"timestamp": "2025-10-05T05:39:58.842286", "level": "INFO", "logger": "api", "message": "GET / - 200 - 0.001s", "module": "logger", "function": "log_api_request", "line": 158, "extra": {}}
{"timestamp": "2025-10-05T05:39:58.940915", "level": "INFO", "logger": "api", "message": "GET /favicon.ico - 404 - 0.000s", "module": "logger", "function": "log_api_request", "line": 158, "extra": {}}
{"timestamp": "2025-10-05T05:52:39.694283", "level": "INFO", "logger": "api", "message": "GET / - 200 - 0.000s", "module": "logger", "function": "log_api_request", "line": 158, "extra": {}}
{"timestamp": "2025-10-05T06:06:50.992281", "level": "INFO", "logger": "api", "message": "POST /api/v1/classify - 200 - 0.011s", "module": "logger", "function": "log_api_request", "line": 158, "extra": {}}
{"timestamp": "2025-10-05T06:06:51.012361", "level": "INFO", "logger": "api", "message": "POST /api/v1/search - 200 - 0.000s", "module": "logger", "function": "log_api_request", "line": 158, "extra": {}}
{"timestamp": "2025-10-05T06:06:55.838017", "level": "INFO", "logger": "api", "message": "POST /api/v1/classify - 200 - 0.008s", "module": "logger", "function": "log_api_request", "line": 158, "extra": {}}
{"timestamp": "2025-10-05T06:06:55.854294", "level": "INFO", "logger": "api", "message": "POST /api/v1/search - 200 - 0.001s", "module": "logger", "function": "log_api_request", "line": 158, "extra": {}}
{"timestamp": "2025-10-05T06:14:17.873467", "level": "INFO", "logger": "api", "message": "POST /api/v1/classify - 200 - 0.014s", "module": "logger", "function": "log_api_request", "line": 158, "extra": {}}
{"timestamp": "2025-10-05T06:14:18.152821", "level": "INFO", "logger": "api", "message": "POST /api/v1/search - 200 - 0.261s", "module": "logger", "function": "log_api_request", "line": 158, "extra": {}}
{"timestamp": "2025-10-05T06:17:46.227695", "level": "INFO", "logger": "api", "message": "POST /api/v1/classify - 200 - 0.013s", "module": "logger", "function": "log_api_request", "line": 158, "extra": {}}
{"timestamp": "2025-10-05T06:17:46.506240", "level": "INFO", "logger": "api", "message": "POST /api/v1/search - 200 - 0.261s", "module": "logger", "function": "log_api_request", "line": 158, "extra": {}}
{"timestamp": "2025-10-05T06:17:48.239768", "level": "INFO", "logger": "api", "message": "POST /api/v1/classify - 200 - 0.009s", "module": "logger", "function": "log_api_request", "line": 158, "extra": {}}
{"timestamp": "2025-10-05T06:17:48.253860", "level": "INFO", "logger": "api", "message": "POST /api/v1/search - 200 - 0.001s", "module": "logger", "function": "log_api_request", "line": 158, "extra": {}}
{"timestamp": "2025-10-05T06:18:29.611466", "level": "INFO", "logger": "api", "message": "POST /api/v1/classify - 200 - 0.009s", "module": "logger", "function": "log_api_request", "line": 158, "extra": {}}
{"timestamp": "2025-10-05T06:18:29.626633", "level": "INFO", "logger": "api", "message": "POST /api/v1/search - 200 - 0.001s", "module": "logger", "function": "log_api_request", "line": 158, "extra": {}}
{"timestamp": "2025-10-05T06:19:02.544332", "level": "INFO", "logger": "api", "message": "POST /api/v1/classify - 200 - 0.009s", "module": "logger", "function": "log_api_request", "line": 158, "extra": {}}
{"timestamp": "2025-10-05T06:19:02.562918", "level": "INFO", "logger": "api", "message": "POST /api/v1/search - 200 - 0.001s", "module": "logger", "function": "log_api_request", "line": 158, "extra": {}}
{"timestamp": "2025-10-05T06:28:10.573205", "level": "INFO", "logger": "api", "message": "POST /api/v1/classify - 200 - 0.009s", "module": "logger", "function": "log_api_request", "line": 158, "extra": {}}
{"timestamp": "2025-10-05T06:28:10.588235", "level": "INFO", "logger": "api", "message": "POST /api/v1/search - 200 - 0.001s", "module": "logger", "function": "log_api_request", "line": 158, "extra": {}}
{"timestamp": "2025-10-05T06:28:42.851476", "level": "INFO", "logger": "api", "message": "POST /api/v1/classify - 200 - 0.007s", "module": "logger", "function": "log_api_request", "line": 158, "extra": {}}
{"timestamp": "2025-10-05T06:28:42.870714", "level": "INFO", "logger": "api", "message": "POST /api/v1/search - 200 - 0.000s", "module": "logger", "function": "log_api_request", "line": 158, "extra": {}}
{"timestamp": "2025-10-05T06:29:39.252901", "level": "INFO", "logger": "api", "message": "POST /api/v1/classify - 200 - 0.009s", "module": "logger", "function": "log_api_request", "line": 158, "extra": {}}
{"timestamp": "2025-10-05T06:29:39.271704", "level": "INFO", "logger": "api", "message": "POST /api/v1/search - 200 - 0.000s", "module": "logger", "function": "log_api_request", "line": 158, "extra": {}}
{"timestamp": "2025-10-05T06:32:01.347895", "level": "INFO", "logger": "api", "message": "POST /api/v1/classify - 200 - 0.008s", "module": "logger", "function": "log_api_request", "line": 158, "extra": {}}
{"timestamp": "2025-10-05T06:32:01.366454", "level": "INFO", "logger": "api", "message": "POST /api/v1/search - 200 - 0.000s", "module": "logger", "function": "log_api_request", "line": 158, "extra": {}}
{"timestamp": "2025-10-05T06:34:42.311592", "level": "INFO", "logger": "api", "message": "GET /api/v1/health - 200 - 0.264s", "module": "logger", "function": "log_api_request", "line": 158, "extra": {}}
{"timestamp": "2025-10-05T06:34:42.379354", "level": "INFO", "logger": "api", "message": "GET /api/v1/health - 200 - 0.001s", "module": "logger", "function": "log_api_request", "line": 158, "extra": {}}
{"timestamp": "2025-10-05T06:34:59.951673", "level": "INFO", "logger": "api", "message": "POST /api/v1/validate - 200 - 0.001s", "module": "logger", "function": "log_api_request", "line": 158, "extra": {}}
{"timestamp": "2025-10-05T06:34:59.961459", "level": "INFO", "logger": "api", "message": "POST /api/v1/classify - 200 - 0.008s", "module": "logger", "function": "log_api_request", "line": 158, "extra": {}}
{"timestamp": "2025-10-05T06:34:59.965140", "level": "INFO", "logger": "api", "message": "POST /api/v1/search - 200 - 0.001s", "module": "logger", "function": "log_api_request", "line": 158, "extra": {}}
{"timestamp": "2025-10-05T09:30:55.208509", "level": "INFO", "logger": "api", "message": "GET /api/v1/health - 200 - 0.310s", "module": "logger", "function": "log_api_request", "line": 158, "extra": {}}
{"timestamp": "2025-10-05T09:30:55.287175", "level": "INFO", "logger": "api", "message": "GET /api/v1/health - 200 - 0.001s", "module": "logger", "function": "log_api_request", "line": 158, "extra": {}}
{"timestamp": "2025-10-05T09:31:26.465216", "level": "INFO", "logger": "api", "message": "GET / - 200 - 0.000s", "module": "logger", "function": "log_api_request", "line": 158, "extra": {}}
{"timestamp": "2025-10-05T09:42:47.617122", "level": "INFO", "logger": "api", "message": "POST /api/v1/validate - 200 - 0.003s", "module": "logger", "function": "log_api_request", "line": 158, "extra": {}}
{"timestamp": "2025-10-05T09:42:47.628956", "level": "INFO", "logger": "api", "message": "POST /api/v1/classify - 200 - 0.009s", "module": "logger", "function": "log_api_request", "line": 158, "extra": {}}
{"timestamp": "2025-10-05T09:42:47.631860", "level": "INFO", "logger": "api", "message": "POST /api/v1/search - 200 - 0.001s", "module": "logger", "function": "log_api_request", "line": 158, "extra": {}}
