{"timestamp": "2025-09-30T07:16:10.913214", "level": "INFO", "logger": "gradio", "message": "API Client initialized with base URL: http://localhost:5000", "module": "api_client", "function": "__init__", "line": 26}
{"timestamp": "2025-09-30T07:17:15.477103", "level": "INFO", "logger": "gradio", "message": "API Client initialized with base URL: http://localhost:5000", "module": "api_client", "function": "__init__", "line": 26}
{"timestamp": "2025-09-30T07:17:15.592702", "level": "INFO", "logger": "gradio", "message": "Starting Gradio app on 127.0.0.1:7860", "module": "app", "function": "launch_app", "line": 424}
{"timestamp": "2025-09-30T07:17:15.593212", "level": "INFO", "logger": "gradio", "message": "Share: False, Debug: True", "module": "app", "function": "launch_app", "line": 425}
{"timestamp": "2025-09-30T07:17:15.593212", "level": "INFO", "logger": "gradio", "message": "API URL: http://localhost:5000", "module": "app", "function": "launch_app", "line": 426}
{"timestamp": "2025-09-30T07:17:19.686335", "level": "ERROR", "logger": "gradio", "message": "Connection error: HTTPConnectionPool(host='localhost', port=5000): Max retries exceeded with url: /api/v1/health (Caused by NewConnectionError('<urllib3.connection.HTTPConnection object at 0x0000029B06035C10>: Failed to establish a new connection: [WinError 10061] No connection could be made because the target machine actively refused it'))", "module": "api_client", "function": "_make_request", "line": 74}
{"timestamp": "2025-09-30T07:17:19.686335", "level": "WARNING", "logger": "gradio", "message": "API server health check failed: HTTPConnectionPool(host='localhost', port=5000): Max retries exceeded with url: /api/v1/health (Caused by NewConnectionError('<urllib3.connection.HTTPConnection object at 0x0000029B06035C10>: Failed to establish a new connection: [WinError 10061] No connection could be made because the target machine actively refused it'))", "module": "app", "function": "launch_app", "line": 434}
{"timestamp": "2025-09-30T07:17:19.686335", "level": "WARNING", "logger": "gradio", "message": "Gradio app will start anyway, but API functions may not work", "module": "app", "function": "launch_app", "line": 435}
{"timestamp": "2025-09-30T07:17:23.825483", "level": "ERROR", "logger": "gradio", "message": "Connection error: HTTPConnectionPool(host='localhost', port=5000): Max retries exceeded with url: /api/v1/health (Caused by NewConnectionError('<urllib3.connection.HTTPConnection object at 0x0000029B06939E50>: Failed to establish a new connection: [WinError 10061] No connection could be made because the target machine actively refused it'))", "module": "api_client", "function": "_make_request", "line": 74}
{"timestamp": "2025-09-30T07:18:01.711084", "level": "INFO", "logger": "gradio", "message": "API Client initialized with base URL: http://localhost:5000", "module": "api_client", "function": "__init__", "line": 26}
{"timestamp": "2025-09-30T07:18:01.812505", "level": "INFO", "logger": "gradio", "message": "Starting Gradio app on 127.0.0.1:7860", "module": "app", "function": "launch_app", "line": 424}
{"timestamp": "2025-09-30T07:18:01.813013", "level": "INFO", "logger": "gradio", "message": "Share: False, Debug: True", "module": "app", "function": "launch_app", "line": 425}
{"timestamp": "2025-09-30T07:18:01.813013", "level": "INFO", "logger": "gradio", "message": "API URL: http://localhost:5000", "module": "app", "function": "launch_app", "line": 426}
{"timestamp": "2025-09-30T07:18:05.906639", "level": "ERROR", "logger": "gradio", "message": "Connection error: HTTPConnectionPool(host='localhost', port=5000): Max retries exceeded with url: /api/v1/health (Caused by NewConnectionError('<urllib3.connection.HTTPConnection object at 0x000001621276D580>: Failed to establish a new connection: [WinError 10061] No connection could be made because the target machine actively refused it'))", "module": "api_client", "function": "_make_request", "line": 74}
{"timestamp": "2025-09-30T07:18:05.907143", "level": "WARNING", "logger": "gradio", "message": "API server health check failed: HTTPConnectionPool(host='localhost', port=5000): Max retries exceeded with url: /api/v1/health (Caused by NewConnectionError('<urllib3.connection.HTTPConnection object at 0x000001621276D580>: Failed to establish a new connection: [WinError 10061] No connection could be made because the target machine actively refused it'))", "module": "app", "function": "launch_app", "line": 434}
{"timestamp": "2025-09-30T07:18:05.907143", "level": "WARNING", "logger": "gradio", "message": "Gradio app will start anyway, but API functions may not work", "module": "app", "function": "launch_app", "line": 435}
{"timestamp": "2025-09-30T07:18:10.036885", "level": "ERROR", "logger": "gradio", "message": "Connection error: HTTPConnectionPool(host='localhost', port=5000): Max retries exceeded with url: /api/v1/health (Caused by NewConnectionError('<urllib3.connection.HTTPConnection object at 0x000001621265D0D0>: Failed to establish a new connection: [WinError 10061] No connection could be made because the target machine actively refused it'))", "module": "api_client", "function": "_make_request", "line": 74}
{"timestamp": "2025-09-30T07:19:23.347661", "level": "ERROR", "logger": "gradio", "message": "Connection error: HTTPConnectionPool(host='localhost', port=5000): Max retries exceeded with url: /api/v1/health (Caused by NewConnectionError('<urllib3.connection.HTTPConnection object at 0x0000016214DADDF0>: Failed to establish a new connection: [WinError 10061] No connection could be made because the target machine actively refused it'))", "module": "api_client", "function": "_make_request", "line": 74}
{"timestamp": "2025-09-30T07:20:24.687220", "level": "INFO", "logger": "gradio", "message": "Analyzing RNA sequence: AUGCGAUCGAUC... (length: 12)", "module": "app", "function": "analyze_rna_sequence", "line": 41}
{"timestamp": "2025-09-30T07:20:28.749791", "level": "ERROR", "logger": "gradio", "message": "Connection error: HTTPConnectionPool(host='localhost', port=5000): Max retries exceeded with url: /api/v1/validate (Caused by NewConnectionError('<urllib3.connection.HTTPConnection object at 0x0000016214DC9AC0>: Failed to establish a new connection: [WinError 10061] No connection could be made because the target machine actively refused it'))", "module": "api_client", "function": "_make_request", "line": 74}
{"timestamp": "2025-09-30T07:20:32.827028", "level": "ERROR", "logger": "gradio", "message": "Connection error: HTTPConnectionPool(host='localhost', port=5000): Max retries exceeded with url: /api/v1/classify (Caused by NewConnectionError('<urllib3.connection.HTTPConnection object at 0x0000016214DC84A0>: Failed to establish a new connection: [WinError 10061] No connection could be made because the target machine actively refused it'))", "module": "api_client", "function": "_make_request", "line": 74}
{"timestamp": "2025-09-30T07:20:32.827668", "level": "INFO", "logger": "gradio", "message": "Calling similarity search with: sequence=AUGCGAUCGAUC..., top_k=20, threshold=0.3", "module": "app", "function": "analyze_rna_sequence", "line": 57}
{"timestamp": "2025-09-30T07:20:36.894475", "level": "ERROR", "logger": "gradio", "message": "Connection error: HTTPConnectionPool(host='localhost', port=5000): Max retries exceeded with url: /api/v1/search (Caused by NewConnectionError('<urllib3.connection.HTTPConnection object at 0x0000016214DC9EB0>: Failed to establish a new connection: [WinError 10061] No connection could be made because the target machine actively refused it'))", "module": "api_client", "function": "_make_request", "line": 74}
{"timestamp": "2025-09-30T07:21:46.251462", "level": "ERROR", "logger": "gradio", "message": "Connection error: HTTPConnectionPool(host='localhost', port=5000): Max retries exceeded with url: /api/v1/health (Caused by NewConnectionError('<urllib3.connection.HTTPConnection object at 0x0000016215E202C0>: Failed to establish a new connection: [WinError 10061] No connection could be made because the target machine actively refused it'))", "module": "api_client", "function": "_make_request", "line": 74}
{"timestamp": "2025-09-30T07:21:52.214205", "level": "ERROR", "logger": "gradio", "message": "Connection error: HTTPConnectionPool(host='localhost', port=5000): Max retries exceeded with url: /api/v1/health (Caused by NewConnectionError('<urllib3.connection.HTTPConnection object at 0x0000016215E216A0>: Failed to establish a new connection: [WinError 10061] No connection could be made because the target machine actively refused it'))", "module": "api_client", "function": "_make_request", "line": 74}
{"timestamp": "2025-09-30T07:24:35.730758", "level": "INFO", "logger": "gradio", "message": "Analyzing RNA sequence: AUGCGAUCGAUC... (length: 12)", "module": "app", "function": "analyze_rna_sequence", "line": 41}
{"timestamp": "2025-09-30T07:24:37.784801", "level": "INFO", "logger": "gradio", "message": "Calling similarity search with: sequence=AUGCGAUCGAUC..., top_k=20, threshold=0.3", "module": "app", "function": "analyze_rna_sequence", "line": 57}
{"timestamp": "2025-09-30T09:15:38.530757", "level": "INFO", "logger": "gradio", "message": "Analyzing RNA sequence: AUGUCUAUCUCU... (length: 12)", "module": "app", "function": "analyze_rna_sequence", "line": 41}
{"timestamp": "2025-09-30T09:15:40.596942", "level": "INFO", "logger": "gradio", "message": "Calling similarity search with: sequence=AUGUCUAUCUCU..., top_k=5, threshold=0.5", "module": "app", "function": "analyze_rna_sequence", "line": 57}
{"timestamp": "2025-09-30T09:18:30.713264", "level": "INFO", "logger": "gradio", "message": "Analyzing RNA sequence: AUCUGUCUAU... (length: 10)", "module": "app", "function": "analyze_rna_sequence", "line": 41}
{"timestamp": "2025-09-30T09:18:32.778655", "level": "INFO", "logger": "gradio", "message": "Calling similarity search with: sequence=AUCUGUCUAU..., top_k=5, threshold=0.5", "module": "app", "function": "analyze_rna_sequence", "line": 57}
{"timestamp": "2025-09-30T09:19:33.818420", "level": "INFO", "logger": "gradio", "message": "Analyzing RNA sequence: CGUACGAGCACUUCGUGGUU... (length: 20)", "module": "app", "function": "analyze_rna_sequence", "line": 41}
{"timestamp": "2025-09-30T09:19:35.865548", "level": "INFO", "logger": "gradio", "message": "Calling similarity search with: sequence=CGUACGAGCACUUCGUGGUU..., top_k=5, threshold=0.5", "module": "app", "function": "analyze_rna_sequence", "line": 57}
{"timestamp": "2025-09-30T09:20:29.231243", "level": "INFO", "logger": "gradio", "message": "Analyzing RNA sequence: CCAUUUAGCAACCAUGAACU... (length: 50)", "module": "app", "function": "analyze_rna_sequence", "line": 41}
{"timestamp": "2025-09-30T09:20:31.281639", "level": "INFO", "logger": "gradio", "message": "Calling similarity search with: sequence=CCAUUUAGCAACCAUGAACU..., top_k=5, threshold=0.5", "module": "app", "function": "analyze_rna_sequence", "line": 57}
{"timestamp": "2025-09-30T09:24:53.493451", "level": "INFO", "logger": "gradio", "message": "Analyzing RNA sequence: CCAUUUAGCAACCAUGAACU... (length: 50)", "module": "app", "function": "analyze_rna_sequence", "line": 41}
{"timestamp": "2025-09-30T09:24:55.570683", "level": "INFO", "logger": "gradio", "message": "Calling similarity search with: sequence=CCAUUUAGCAACCAUGAACU..., top_k=5, threshold=0.5", "module": "app", "function": "analyze_rna_sequence", "line": 57}
{"timestamp": "2025-09-30T10:23:21.239282", "level": "INFO", "logger": "gradio", "message": "Analyzing RNA sequence: CGUCUUAAACUCAUCACCGU... (length: 56)", "module": "app", "function": "analyze_rna_sequence", "line": 41}
{"timestamp": "2025-09-30T10:23:23.293395", "level": "INFO", "logger": "gradio", "message": "Calling similarity search with: sequence=CGUCUUAAACUCAUCACCGU..., top_k=20, threshold=0", "module": "app", "function": "analyze_rna_sequence", "line": 57}
{"timestamp": "2025-09-30T10:23:54.720430", "level": "INFO", "logger": "gradio", "message": "Analyzing RNA sequence: CGUCUUAAACUCAUCACCGU... (length: 56)", "module": "app", "function": "analyze_rna_sequence", "line": 41}
{"timestamp": "2025-09-30T10:23:56.800241", "level": "INFO", "logger": "gradio", "message": "Calling similarity search with: sequence=CGUCUUAAACUCAUCACCGU..., top_k=20, threshold=0", "module": "app", "function": "analyze_rna_sequence", "line": 57}
{"timestamp": "2025-09-30T10:25:17.764144", "level": "INFO", "logger": "gradio", "message": "Analyzing RNA sequence: CGUCUUAAACUCAUCACCGU... (length: 56)", "module": "app", "function": "analyze_rna_sequence", "line": 41}
{"timestamp": "2025-09-30T10:25:19.815376", "level": "INFO", "logger": "gradio", "message": "Calling similarity search with: sequence=CGUCUUAAACUCAUCACCGU..., top_k=20, threshold=0", "module": "app", "function": "analyze_rna_sequence", "line": 57}
{"timestamp": "2025-09-30T10:32:31.173848", "level": "INFO", "logger": "gradio", "message": "Analyzing RNA sequence: CGUCUUAAACUCAUCACCGU... (length: 56)", "module": "app", "function": "analyze_rna_sequence", "line": 41}
{"timestamp": "2025-09-30T10:32:33.233510", "level": "INFO", "logger": "gradio", "message": "Calling similarity search with: sequence=CGUCUUAAACUCAUCACCGU..., top_k=20, threshold=0", "module": "app", "function": "analyze_rna_sequence", "line": 57}
{"timestamp": "2025-09-30T10:33:45.159422", "level": "INFO", "logger": "gradio", "message": "Analyzing RNA sequence: UCAGUCGGCCGGACGGCCGC... (length: 431)", "module": "app", "function": "analyze_rna_sequence", "line": 41}
{"timestamp": "2025-09-30T10:33:47.218265", "level": "INFO", "logger": "gradio", "message": "Calling similarity search with: sequence=UCAGUCGGCCGGACGGCCGC..., top_k=20, threshold=0", "module": "app", "function": "analyze_rna_sequence", "line": 57}
