{"timestamp": "2025-09-30T07:11:23.202772", "level": "INFO", "logger": "api", "message": "GET / - 200 - 0.000s", "module": "logger", "function": "log_api_request", "line": 158, "extra": {}}
{"timestamp": "2025-09-30T07:11:23.316180", "level": "INFO", "logger": "api", "message": "GET /favicon.ico - 404 - 0.000s", "module": "logger", "function": "log_api_request", "line": 158, "extra": {}}
{"timestamp": "2025-09-30T07:21:38.657679", "level": "INFO", "logger": "api", "message": "GET / - 200 - 0.000s", "module": "logger", "function": "log_api_request", "line": 158, "extra": {}}
{"timestamp": "2025-09-30T07:24:13.874388", "level": "INFO", "logger": "api", "message": "GET / - 200 - 0.000s", "module": "logger", "function": "log_api_request", "line": 158, "extra": {}}
{"timestamp": "2025-09-30T07:24:13.929141", "level": "INFO", "logger": "api", "message": "GET /favicon.ico - 404 - 0.000s", "module": "logger", "function": "log_api_request", "line": 158, "extra": {}}
{"timestamp": "2025-09-30T07:24:21.668795", "level": "INFO", "logger": "api", "message": "GET /api/v1/health - 200 - 2.264s", "module": "logger", "function": "log_api_request", "line": 158, "extra": {}}
{"timestamp": "2025-09-30T07:24:37.772466", "level": "INFO", "logger": "api", "message": "POST /api/v1/validate - 200 - 0.005s", "module": "logger", "function": "log_api_request", "line": 158, "extra": {}}
{"timestamp": "2025-09-30T07:24:37.783612", "level": "INFO", "logger": "api", "message": "POST /api/v1/classify - 200 - 0.009s", "module": "logger", "function": "log_api_request", "line": 158, "extra": {}}
{"timestamp": "2025-09-30T07:24:37.788017", "level": "INFO", "logger": "api", "message": "POST /api/v1/search - 200 - 0.002s", "module": "logger", "function": "log_api_request", "line": 158, "extra": {}}
{"timestamp": "2025-09-30T08:56:46.723350", "level": "WARNING", "logger": "api", "message": "RNA data file not found: C:\\Users\\Cathy Nguyen\\Desktop\\capstone\\Programming-project\\api\\rfam_9Families_100Seq.jsonl", "module": "main", "function": "startup_event", "line": 78}
{"timestamp": "2025-09-30T08:56:51.956865", "level": "INFO", "logger": "api", "message": "GET / - 200 - 0.000s", "module": "logger", "function": "log_api_request", "line": 158, "extra": {}}
{"timestamp": "2025-09-30T08:57:29.122910", "level": "INFO", "logger": "api", "message": "GET / - 200 - 0.000s", "module": "logger", "function": "log_api_request", "line": 158, "extra": {}}
{"timestamp": "2025-09-30T08:57:39.732888", "level": "INFO", "logger": "api", "message": "GET /api/v1/health - 200 - 0.500s", "module": "logger", "function": "log_api_request", "line": 158, "extra": {}}
{"timestamp": "2025-09-30T08:58:07.818115", "level": "WARNING", "logger": "api", "message": "RNA data file not found: C:\\Users\\Cathy Nguyen\\Desktop\\capstone\\Programming-project\\api\\rfam_9Families_100Seq.jsonl", "module": "main", "function": "startup_event", "line": 78}
{"timestamp": "2025-09-30T08:59:37.720573", "level": "WARNING", "logger": "api", "message": "RNA data file not found: C:\\Users\\Cathy Nguyen\\Desktop\\capstone\\Programming-project\\api\\rfam_9Families_100Seq.jsonl", "module": "main", "function": "startup_event", "line": 78}
{"timestamp": "2025-09-30T08:59:40.747539", "level": "WARNING", "logger": "api", "message": "RNA data file not found: C:\\Users\\Cathy Nguyen\\Desktop\\capstone\\Programming-project\\api\\rfam_9Families_100Seq.jsonl", "module": "main", "function": "startup_event", "line": 78}
{"timestamp": "2025-09-30T09:00:44.808418", "level": "WARNING", "logger": "api", "message": "RNA data file not found: C:\\Users\\Cathy Nguyen\\Desktop\\capstone\\Programming-project\\api\\rfam_9Families_100Seq.jsonl", "module": "main", "function": "startup_event", "line": 78}
{"timestamp": "2025-09-30T09:00:54.445715", "level": "WARNING", "logger": "api", "message": "RNA data file not found: C:\\Users\\Cathy Nguyen\\Desktop\\capstone\\Programming-project\\api\\rfam_9Families_100Seq.jsonl", "module": "main", "function": "startup_event", "line": 78}
{"timestamp": "2025-09-30T09:01:41.282400", "level": "WARNING", "logger": "api", "message": "RNA data file not found: C:\\Users\\Cathy Nguyen\\Desktop\\capstone\\Programming-project\\api\\rfam_9Families_100Seq.jsonl", "module": "main", "function": "startup_event", "line": 78}
{"timestamp": "2025-09-30T09:05:12.807396", "level": "WARNING", "logger": "api", "message": "RNA data file not found: C:\\Users\\Cathy Nguyen\\Desktop\\capstone\\Programming-project\\api\\rfam_9Families_100Seq.jsonl", "module": "main", "function": "startup_event", "line": 78}
{"timestamp": "2025-09-30T09:05:15.705173", "level": "WARNING", "logger": "api", "message": "RNA data file not found: C:\\Users\\Cathy Nguyen\\Desktop\\capstone\\Programming-project\\api\\rfam_9Families_100Seq.jsonl", "module": "main", "function": "startup_event", "line": 78}
{"timestamp": "2025-09-30T09:15:06.848452", "level": "INFO", "logger": "api", "message": "GET / - 200 - 0.000s", "module": "logger", "function": "log_api_request", "line": 158, "extra": {}}
{"timestamp": "2025-09-30T09:15:13.776000", "level": "INFO", "logger": "api", "message": "GET /api/v1/health - 200 - 0.370s", "module": "logger", "function": "log_api_request", "line": 158, "extra": {}}
{"timestamp": "2025-09-30T09:15:40.583135", "level": "INFO", "logger": "api", "message": "POST /api/v1/validate - 200 - 0.003s", "module": "logger", "function": "log_api_request", "line": 158, "extra": {}}
{"timestamp": "2025-09-30T09:15:40.595418", "level": "INFO", "logger": "api", "message": "POST /api/v1/classify - 200 - 0.010s", "module": "logger", "function": "log_api_request", "line": 158, "extra": {}}
{"timestamp": "2025-09-30T09:15:40.598494", "level": "INFO", "logger": "api", "message": "POST /api/v1/search - 200 - 0.001s", "module": "logger", "function": "log_api_request", "line": 158, "extra": {}}
{"timestamp": "2025-09-30T09:18:20.888778", "level": "INFO", "logger": "api", "message": "GET /api/v1/health - 200 - 0.377s", "module": "logger", "function": "log_api_request", "line": 158, "extra": {}}
{"timestamp": "2025-09-30T09:18:32.766431", "level": "INFO", "logger": "api", "message": "POST /api/v1/validate - 200 - 0.001s", "module": "logger", "function": "log_api_request", "line": 158, "extra": {}}
{"timestamp": "2025-09-30T09:18:32.777316", "level": "INFO", "logger": "api", "message": "POST /api/v1/classify - 200 - 0.008s", "module": "logger", "function": "log_api_request", "line": 158, "extra": {}}
{"timestamp": "2025-09-30T09:18:32.780386", "level": "INFO", "logger": "api", "message": "POST /api/v1/search - 200 - 0.000s", "module": "logger", "function": "log_api_request", "line": 158, "extra": {}}
{"timestamp": "2025-09-30T09:19:35.853953", "level": "INFO", "logger": "api", "message": "POST /api/v1/validate - 200 - 0.001s", "module": "logger", "function": "log_api_request", "line": 158, "extra": {}}
{"timestamp": "2025-09-30T09:19:35.863741", "level": "INFO", "logger": "api", "message": "POST /api/v1/classify - 200 - 0.008s", "module": "logger", "function": "log_api_request", "line": 158, "extra": {}}
{"timestamp": "2025-09-30T09:19:35.867059", "level": "INFO", "logger": "api", "message": "POST /api/v1/search - 200 - 0.001s", "module": "logger", "function": "log_api_request", "line": 158, "extra": {}}
{"timestamp": "2025-09-30T09:20:31.269111", "level": "INFO", "logger": "api", "message": "POST /api/v1/validate - 200 - 0.001s", "module": "logger", "function": "log_api_request", "line": 158, "extra": {}}
{"timestamp": "2025-09-30T09:20:31.280132", "level": "INFO", "logger": "api", "message": "POST /api/v1/classify - 200 - 0.008s", "module": "logger", "function": "log_api_request", "line": 158, "extra": {}}
{"timestamp": "2025-09-30T09:20:31.282978", "level": "INFO", "logger": "api", "message": "POST /api/v1/search - 200 - 0.001s", "module": "logger", "function": "log_api_request", "line": 158, "extra": {}}
{"timestamp": "2025-09-30T09:24:55.553808", "level": "INFO", "logger": "api", "message": "POST /api/v1/validate - 200 - 0.002s", "module": "logger", "function": "log_api_request", "line": 158, "extra": {}}
{"timestamp": "2025-09-30T09:24:55.570056", "level": "INFO", "logger": "api", "message": "POST /api/v1/classify - 200 - 0.014s", "module": "logger", "function": "log_api_request", "line": 158, "extra": {}}
{"timestamp": "2025-09-30T09:24:55.951707", "level": "INFO", "logger": "api", "message": "POST /api/v1/search - 200 - 0.380s", "module": "logger", "function": "log_api_request", "line": 158, "extra": {}}
{"timestamp": "2025-09-30T10:23:23.276701", "level": "INFO", "logger": "api", "message": "POST /api/v1/validate - 200 - 0.002s", "module": "logger", "function": "log_api_request", "line": 158, "extra": {}}
{"timestamp": "2025-09-30T10:23:23.292065", "level": "INFO", "logger": "api", "message": "POST /api/v1/classify - 200 - 0.013s", "module": "logger", "function": "log_api_request", "line": 158, "extra": {}}
{"timestamp": "2025-09-30T10:23:27.857438", "level": "INFO", "logger": "api", "message": "POST /api/v1/search - 200 - 4.563s", "module": "logger", "function": "log_api_request", "line": 158, "extra": {}}
{"timestamp": "2025-09-30T10:23:35.485127", "level": "INFO", "logger": "api", "message": "GET /api/v1/health - 200 - 0.308s", "module": "logger", "function": "log_api_request", "line": 158, "extra": {}}
{"timestamp": "2025-09-30T10:23:56.788470", "level": "INFO", "logger": "api", "message": "POST /api/v1/validate - 200 - 0.001s", "module": "logger", "function": "log_api_request", "line": 158, "extra": {}}
{"timestamp": "2025-09-30T10:23:56.799034", "level": "INFO", "logger": "api", "message": "POST /api/v1/classify - 200 - 0.009s", "module": "logger", "function": "log_api_request", "line": 158, "extra": {}}
{"timestamp": "2025-09-30T10:23:58.376937", "level": "INFO", "logger": "api", "message": "POST /api/v1/search - 200 - 1.576s", "module": "logger", "function": "log_api_request", "line": 158, "extra": {}}
{"timestamp": "2025-09-30T10:25:07.912434", "level": "INFO", "logger": "api", "message": "GET /api/v1/health - 200 - 2.243s", "module": "logger", "function": "log_api_request", "line": 158, "extra": {}}
{"timestamp": "2025-09-30T10:25:19.803803", "level": "INFO", "logger": "api", "message": "POST /api/v1/validate - 200 - 0.001s", "module": "logger", "function": "log_api_request", "line": 158, "extra": {}}
{"timestamp": "2025-09-30T10:25:19.813911", "level": "INFO", "logger": "api", "message": "POST /api/v1/classify - 200 - 0.009s", "module": "logger", "function": "log_api_request", "line": 158, "extra": {}}
{"timestamp": "2025-09-30T10:25:22.774572", "level": "INFO", "logger": "api", "message": "POST /api/v1/search - 200 - 2.959s", "module": "logger", "function": "log_api_request", "line": 158, "extra": {}}
{"timestamp": "2025-09-30T10:32:21.895090", "level": "INFO", "logger": "api", "message": "GET /api/v1/health - 200 - 2.515s", "module": "logger", "function": "log_api_request", "line": 158, "extra": {}}
{"timestamp": "2025-09-30T10:32:33.221654", "level": "INFO", "logger": "api", "message": "POST /api/v1/validate - 200 - 0.001s", "module": "logger", "function": "log_api_request", "line": 158, "extra": {}}
{"timestamp": "2025-09-30T10:32:33.232210", "level": "INFO", "logger": "api", "message": "POST /api/v1/classify - 200 - 0.008s", "module": "logger", "function": "log_api_request", "line": 158, "extra": {}}
{"timestamp": "2025-09-30T10:32:35.815624", "level": "INFO", "logger": "api", "message": "POST /api/v1/search - 200 - 2.582s", "module": "logger", "function": "log_api_request", "line": 158, "extra": {}}
{"timestamp": "2025-09-30T10:33:47.201185", "level": "INFO", "logger": "api", "message": "POST /api/v1/validate - 200 - 0.002s", "module": "logger", "function": "log_api_request", "line": 158, "extra": {}}
{"timestamp": "2025-09-30T10:33:47.216825", "level": "INFO", "logger": "api", "message": "POST /api/v1/classify - 200 - 0.013s", "module": "logger", "function": "log_api_request", "line": 158, "extra": {}}
{"timestamp": "2025-09-30T10:33:51.763395", "level": "INFO", "logger": "api", "message": "POST /api/v1/search - 200 - 4.543s", "module": "logger", "function": "log_api_request", "line": 158, "extra": {}}
